2020-11-04 11:13:34,934 INFO [main] com.lkl.LklsystemApplicationTests [StartupInfoLogger.java : 55] Starting LklsystemApplicationTests on DESKTOP-RQ2SLGI with PID 7264 (started by Áõ¿üÁÁ in D:\Awokspace\systemAdmin\lklSystem)
2020-11-04 11:13:34,944 DEBUG [main] com.lkl.LklsystemApplicationTests [StartupInfoLogger.java : 56] Running with Spring Boot v2.3.3.RELEASE, Spring v5.2.8.RELEASE
2020-11-04 11:13:34,945 INFO [main] com.lkl.LklsystemApplicationTests [SpringApplication.java : 655] The following profiles are active: dev
2020-11-04 11:13:41,418 DEBUG [main] o.m.s.b.a.MybatisAutoConfiguration [MybatisAutoConfiguration.java : 224] Searching for mappers annotated with @Mapper
2020-11-04 11:13:41,419 DEBUG [main] o.m.s.b.a.MybatisAutoConfiguration [MybatisAutoConfiguration.java : 228] Using auto-configuration base package 'com.lkl'
2020-11-04 11:13:42,163 DEBUG [main] org.apache.ibatis.logging.LogFactory [LogFactory.java : 105] Logging initialized using 'class org.apache.ibatis.logging.slf4j.Slf4jImpl' adapter.
2020-11-04 11:13:42,175 DEBUG [main] o.m.s.mapper.ClassPathMapperScanner [ClassPathScanningCandidateComponentProvider.java : 435] Identified candidate component class: file [D:\Awokspace\systemAdmin\lklSystem\target\classes\com\lkl\mapper\UserMapper.class]
2020-11-04 11:13:42,182 DEBUG [main] o.m.s.mapper.ClassPathMapperScanner [Logger.java : 49] Creating MapperFactoryBean with name 'userMapper' and 'com.lkl.mapper.UserMapper' mapperInterface
2020-11-04 11:13:42,183 DEBUG [main] o.m.s.mapper.ClassPathMapperScanner [Logger.java : 49] Enabling autowire by type for MapperFactoryBean with name 'userMapper'.
2020-11-04 11:13:44,160 DEBUG [main] com.zaxxer.hikari.HikariConfig [HikariConfig.java : 946] Driver class com.mysql.jdbc.Driver found in Thread context class loader sun.misc.Launcher$AppClassLoader@6bc7c054
2020-11-04 11:13:47,372 DEBUG [main] s.d.s.w.PropertySourcedRequestMappingHandlerMapping [PropertySourcedRequestMappingHandlerMapping.java : 54] initialising the handler methods
2020-11-04 11:13:47,376 INFO [main] s.d.s.w.PropertySourcedRequestMappingHandlerMapping [PropertySourcedRequestMappingHandlerMapping.java : 69] Mapped URL path [/v2/api-docs] onto method [springfox.documentation.swagger2.web.Swagger2Controller#getDocumentation(String, HttpServletRequest)]
2020-11-04 11:13:48,473 DEBUG [main] o.a.s.s.web.ShiroFilterFactoryBean [ShiroFilterFactoryBean.java : 501] Found filter chain candidate filter 'requestContextFilter'
2020-11-04 11:13:48,494 DEBUG [main] o.a.s.s.web.ShiroFilterFactoryBean [ShiroFilterFactoryBean.java : 501] Found filter chain candidate filter 'formContentFilter'
2020-11-04 11:13:48,512 DEBUG [main] o.m.s.b.a.MybatisAutoConfiguration [MybatisAutoConfiguration.java : 261] Not found configuration for registering mapper bean using @MapperScan, MapperFactoryBean and MapperScannerConfigurer.
2020-11-04 11:13:48,656 DEBUG [main] o.a.s.s.web.ShiroFilterFactoryBean [ShiroFilterFactoryBean.java : 501] Found filter chain candidate filter 'characterEncodingFilter'
2020-11-04 11:13:48,712 INFO [main] s.d.s.w.p.DocumentationPluginsBootstrapper [DocumentationPluginsBootstrapper.java : 160] Context refreshed
2020-11-04 11:13:48,762 INFO [main] s.d.s.w.p.DocumentationPluginsBootstrapper [DocumentationPluginsBootstrapper.java : 163] Found 1 custom documentation plugin(s)
2020-11-04 11:13:48,781 DEBUG [main] s.d.s.w.p.DefaultRequestHandlerCombiner [DefaultRequestHandlerCombiner.java : 50] Total number of request handlers 9
2020-11-04 11:13:48,782 DEBUG [main] s.d.s.w.p.DefaultRequestHandlerCombiner [DefaultRequestHandlerCombiner.java : 52] Adding key: [/common/token/idcard], WebMvcRequestHandler{key=RequestHandlerKey{pathMappings=[/common/token/idcard], supportedMethods=[POST, GET], supportedMediaTypes=[], producibleMediaTypes=[]}}
2020-11-04 11:13:48,784 DEBUG [main] s.d.s.w.p.DefaultRequestHandlerCombiner [DefaultRequestHandlerCombiner.java : 52] Adding key: [/error], WebMvcRequestHandler{key=RequestHandlerKey{pathMappings=[/error], supportedMethods=[], supportedMediaTypes=[], producibleMediaTypes=[]}}
2020-11-04 11:13:48,785 DEBUG [main] s.d.s.w.p.DefaultRequestHandlerCombiner [DefaultRequestHandlerCombiner.java : 52] Adding key: [/error], WebMvcRequestHandler{key=RequestHandlerKey{pathMappings=[/error], supportedMethods=[], supportedMediaTypes=[], producibleMediaTypes=[text/html]}}
2020-11-04 11:13:48,786 DEBUG [main] s.d.s.w.p.DefaultRequestHandlerCombiner [DefaultRequestHandlerCombiner.java : 52] Adding key: [/public/user/login], WebMvcRequestHandler{key=RequestHandlerKey{pathMappings=[/public/user/login], supportedMethods=[POST, GET], supportedMediaTypes=[], producibleMediaTypes=[]}}
2020-11-04 11:13:48,786 DEBUG [main] s.d.s.w.p.DefaultRequestHandlerCombiner [DefaultRequestHandlerCombiner.java : 52] Adding key: [/public/user/logout], WebMvcRequestHandler{key=RequestHandlerKey{pathMappings=[/public/user/logout], supportedMethods=[POST, GET], supportedMediaTypes=[], producibleMediaTypes=[]}}
2020-11-04 11:13:48,786 DEBUG [main] s.d.s.w.p.DefaultRequestHandlerCombiner [DefaultRequestHandlerCombiner.java : 52] Adding key: [/swagger-resources/configuration/security], WebMvcRequestHandler{key=RequestHandlerKey{pathMappings=[/swagger-resources/configuration/security], supportedMethods=[], supportedMediaTypes=[], producibleMediaTypes=[]}}
2020-11-04 11:13:48,787 DEBUG [main] s.d.s.w.p.DefaultRequestHandlerCombiner [DefaultRequestHandlerCombiner.java : 52] Adding key: [/swagger-resources/configuration/ui], WebMvcRequestHandler{key=RequestHandlerKey{pathMappings=[/swagger-resources/configuration/ui], supportedMethods=[], supportedMediaTypes=[], producibleMediaTypes=[]}}
2020-11-04 11:13:48,787 DEBUG [main] s.d.s.w.p.DefaultRequestHandlerCombiner [DefaultRequestHandlerCombiner.java : 52] Adding key: [/swagger-resources], WebMvcRequestHandler{key=RequestHandlerKey{pathMappings=[/swagger-resources], supportedMethods=[], supportedMediaTypes=[], producibleMediaTypes=[]}}
2020-11-04 11:13:48,787 DEBUG [main] s.d.s.w.p.DefaultRequestHandlerCombiner [DefaultRequestHandlerCombiner.java : 52] Adding key: [/sys/test], WebMvcRequestHandler{key=RequestHandlerKey{pathMappings=[/sys/test], supportedMethods=[POST, GET], supportedMediaTypes=[], producibleMediaTypes=[]}}
2020-11-04 11:13:48,811 DEBUG [main] s.d.s.w.p.DefaultRequestHandlerCombiner [DefaultRequestHandlerCombiner.java : 58] Combined number of request handlers 9
2020-11-04 11:13:48,813 INFO [main] s.d.s.w.s.ApiListingReferenceScanner [ApiListingReferenceScanner.java : 41] Scanning for api listing references
2020-11-04 11:13:48,826 DEBUG [main] s.d.s.w.r.o.OperationModelsProvider [OperationModelsProvider.java : 76] Adding return parameter of type Ljava/lang/String;
2020-11-04 11:13:48,828 DEBUG [main] s.d.s.w.r.o.OperationModelsProvider [OperationModelsProvider.java : 83] Reading parameters models for handlerMethod |getToken|
2020-11-04 11:13:48,829 DEBUG [main] s.d.s.w.r.o.OperationModelsProvider [OperationModelsProvider.java : 94] Finished reading parameters models for handlerMethod |getToken|
2020-11-04 11:13:48,831 DEBUG [main] s.d.s.r.o.SwaggerOperationModelsProvider [SwaggerOperationModelsProvider.java : 84] Reading parameters models for handlerMethod |getToken|
2020-11-04 11:13:48,889 DEBUG [main] s.d.schema.DefaultModelProvider [DefaultModelProvider.java : 86] Skipping model of type Ljava/lang/String; as its either a container type, map, enum or base type, or its already been handled
2020-11-04 11:13:48,892 DEBUG [main] s.d.s.web.scanners.ApiModelReader [ApiModelReader.java : 76] Did not find any parameter models for java.lang.String
2020-11-04 11:13:48,893 DEBUG [main] s.d.s.DefaultModelDependencyProvider [DefaultModelDependencyProvider.java : 113] Marking base type Ljava/lang/String; as seen
2020-11-04 11:13:48,914 DEBUG [main] s.d.s.w.r.o.OperationResponseClassReader [OperationResponseClassReader.java : 59] Setting spring response class to: string
2020-11-04 11:13:48,927 DEBUG [main] s.d.s.r.o.VendorExtensionsReader [VendorExtensionsReader.java : 59] Extension count 1 for method getToken
2020-11-04 11:13:48,930 DEBUG [main] s.d.s.r.o.SwaggerOperationResponseClassReader [SwaggerOperationResponseClassReader.java : 74] Setting response class to:string
2020-11-04 11:13:48,963 DEBUG [main] s.d.s.r.o.OperationAuthReader [OperationAuthReader.java : 103] Authorization count 0 for method getToken
2020-11-04 11:13:48,974 DEBUG [main] s.d.s.w.r.o.OperationResponseClassReader [OperationResponseClassReader.java : 59] Setting spring response class to: string
2020-11-04 11:13:48,976 DEBUG [main] s.d.s.r.o.VendorExtensionsReader [VendorExtensionsReader.java : 59] Extension count 1 for method getToken
2020-11-04 11:13:48,977 DEBUG [main] s.d.s.r.o.SwaggerOperationResponseClassReader [SwaggerOperationResponseClassReader.java : 74] Setting response class to:string
2020-11-04 11:13:48,977 DEBUG [main] s.d.s.r.o.OperationAuthReader [OperationAuthReader.java : 103] Authorization count 0 for method getToken
2020-11-04 11:13:49,011 DEBUG [main] s.d.s.w.r.o.OperationModelsProvider [OperationModelsProvider.java : 76] Adding return parameter of type Lcom/lkl/pojo/Result;
2020-11-04 11:13:49,011 DEBUG [main] s.d.s.w.r.o.OperationModelsProvider [OperationModelsProvider.java : 83] Reading parameters models for handlerMethod |loginUser|
2020-11-04 11:13:49,013 DEBUG [main] s.d.s.w.r.o.OperationModelsProvider [OperationModelsProvider.java : 94] Finished reading parameters models for handlerMethod |loginUser|
2020-11-04 11:13:49,013 DEBUG [main] s.d.s.r.o.SwaggerOperationModelsProvider [SwaggerOperationModelsProvider.java : 84] Reading parameters models for handlerMethod |loginUser|
2020-11-04 11:13:49,064 DEBUG [main] s.d.s.p.OptimizedModelPropertiesProvider [OptimizedModelPropertiesProvider.java : 127] Reading property success
2020-11-04 11:13:49,074 DEBUG [main] s.d.s.p.bean.BeanModelProperty [BeanModelProperty.java : 70] Evaluating unwrapped getter for member isSuccess
2020-11-04 11:13:49,076 DEBUG [main] s.d.s.p.ObjectMapperBeanPropertyNamingStrategy [ObjectMapperBeanPropertyNamingStrategy.java : 57] Name 'success' renamed to 'success'
2020-11-04 11:13:49,077 DEBUG [main] s.d.s.p.OptimizedModelPropertiesProvider [OptimizedModelPropertiesProvider.java : 315] Adding property success to model
2020-11-04 11:13:49,078 DEBUG [main] s.d.s.p.bean.BeanModelProperty [BeanModelProperty.java : 70] Evaluating unwrapped getter for member isSuccess
2020-11-04 11:13:49,079 DEBUG [main] s.d.s.p.bean.BeanModelProperty [BeanModelProperty.java : 70] Evaluating unwrapped getter for member isSuccess
2020-11-04 11:13:49,080 DEBUG [main] s.d.s.p.bean.BeanModelProperty [BeanModelProperty.java : 70] Evaluating unwrapped getter for member isSuccess
2020-11-04 11:13:49,081 DEBUG [main] s.d.s.p.bean.BeanModelProperty [BeanModelProperty.java : 70] Evaluating unwrapped getter for member isSuccess
2020-11-04 11:13:49,085 DEBUG [main] s.d.s.p.OptimizedModelPropertiesProvider [OptimizedModelPropertiesProvider.java : 127] Reading property message
2020-11-04 11:13:49,086 DEBUG [main] s.d.s.p.bean.BeanModelProperty [BeanModelProperty.java : 70] Evaluating unwrapped getter for member getMessage
2020-11-04 11:13:49,086 DEBUG [main] s.d.s.p.ObjectMapperBeanPropertyNamingStrategy [ObjectMapperBeanPropertyNamingStrategy.java : 57] Name 'message' renamed to 'message'
2020-11-04 11:13:49,087 DEBUG [main] s.d.s.p.OptimizedModelPropertiesProvider [OptimizedModelPropertiesProvider.java : 315] Adding property message to model
2020-11-04 11:13:49,087 DEBUG [main] s.d.s.p.bean.BeanModelProperty [BeanModelProperty.java : 70] Evaluating unwrapped getter for member getMessage
2020-11-04 11:13:49,087 DEBUG [main] s.d.s.p.bean.BeanModelProperty [BeanModelProperty.java : 70] Evaluating unwrapped getter for member getMessage
2020-11-04 11:13:49,088 DEBUG [main] s.d.s.p.bean.BeanModelProperty [BeanModelProperty.java : 70] Evaluating unwrapped getter for member getMessage
2020-11-04 11:13:49,088 DEBUG [main] s.d.s.p.bean.BeanModelProperty [BeanModelProperty.java : 70] Evaluating unwrapped getter for member getMessage
2020-11-04 11:13:49,089 DEBUG [main] s.d.s.p.OptimizedModelPropertiesProvider [OptimizedModelPropertiesProvider.java : 127] Reading property resultCode
2020-11-04 11:13:49,089 DEBUG [main] s.d.s.p.bean.BeanModelProperty [BeanModelProperty.java : 70] Evaluating unwrapped getter for member getResultCode
2020-11-04 11:13:49,091 DEBUG [main] s.d.s.p.ObjectMapperBeanPropertyNamingStrategy [ObjectMapperBeanPropertyNamingStrategy.java : 57] Name 'resultCode' renamed to 'resultCode'
2020-11-04 11:13:49,092 DEBUG [main] s.d.s.p.OptimizedModelPropertiesProvider [OptimizedModelPropertiesProvider.java : 315] Adding property resultCode to model
2020-11-04 11:13:49,092 DEBUG [main] s.d.s.p.bean.BeanModelProperty [BeanModelProperty.java : 70] Evaluating unwrapped getter for member getResultCode
2020-11-04 11:13:49,093 DEBUG [main] s.d.s.p.bean.BeanModelProperty [BeanModelProperty.java : 70] Evaluating unwrapped getter for member getResultCode
2020-11-04 11:13:49,094 DEBUG [main] s.d.s.p.bean.BeanModelProperty [BeanModelProperty.java : 70] Evaluating unwrapped getter for member getResultCode
2020-11-04 11:13:49,094 DEBUG [main] s.d.s.p.bean.BeanModelProperty [BeanModelProperty.java : 70] Evaluating unwrapped getter for member getResultCode
2020-11-04 11:13:49,096 DEBUG [main] s.d.s.p.OptimizedModelPropertiesProvider [OptimizedModelPropertiesProvider.java : 127] Reading property all
2020-11-04 11:13:49,096 DEBUG [main] s.d.s.p.bean.BeanModelProperty [BeanModelProperty.java : 70] Evaluating unwrapped getter for member getAll
2020-11-04 11:13:49,097 DEBUG [main] s.d.s.p.ObjectMapperBeanPropertyNamingStrategy [ObjectMapperBeanPropertyNamingStrategy.java : 57] Name 'all' renamed to 'all'
2020-11-04 11:13:49,099 DEBUG [main] s.d.s.p.OptimizedModelPropertiesProvider [OptimizedModelPropertiesProvider.java : 315] Adding property all to model
2020-11-04 11:13:49,100 DEBUG [main] s.d.s.p.bean.BeanModelProperty [BeanModelProperty.java : 70] Evaluating unwrapped getter for member getAll
2020-11-04 11:13:49,100 DEBUG [main] s.d.s.p.bean.BeanModelProperty [BeanModelProperty.java : 70] Evaluating unwrapped getter for member getAll
2020-11-04 11:13:49,101 DEBUG [main] s.d.s.p.bean.BeanModelProperty [BeanModelProperty.java : 70] Evaluating unwrapped getter for member getAll
2020-11-04 11:13:49,101 DEBUG [main] s.d.s.p.bean.BeanModelProperty [BeanModelProperty.java : 70] Evaluating unwrapped getter for member getAll
2020-11-04 11:13:49,110 DEBUG [main] s.d.schema.DefaultModelProvider [DefaultModelProvider.java : 101] Inferred 4 properties. Properties found all, message, resultCode, success
2020-11-04 11:13:49,123 DEBUG [main] s.d.s.web.scanners.ApiModelReader [ApiModelReader.java : 71] Generated parameter model id: Result, name: Result, schema: {} models
2020-11-04 11:13:49,124 DEBUG [main] s.d.s.web.scanners.ApiModelReader [ApiModelReader.java : 89] Adding a new model with key Result
2020-11-04 11:13:49,145 DEBUG [main] s.d.s.DefaultModelDependencyProvider [DefaultModelDependencyProvider.java : 177] Adding type Lcom/lkl/pojo/ResultCode; for parameter resultCode
2020-11-04 11:13:49,147 DEBUG [main] s.d.s.DefaultModelDependencyProvider [DefaultModelDependencyProvider.java : 206] Recursively resolving dependencies for type Lcom/lkl/pojo/ResultCode;
2020-11-04 11:13:49,149 DEBUG [main] s.d.s.p.OptimizedModelPropertiesProvider [OptimizedModelPropertiesProvider.java : 127] Reading property code
2020-11-04 11:13:49,150 DEBUG [main] s.d.s.p.bean.BeanModelProperty [BeanModelProperty.java : 70] Evaluating unwrapped getter for member getCode
2020-11-04 11:13:49,151 DEBUG [main] s.d.s.p.ObjectMapperBeanPropertyNamingStrategy [ObjectMapperBeanPropertyNamingStrategy.java : 57] Name 'code' renamed to 'code'
2020-11-04 11:13:49,152 DEBUG [main] s.d.s.p.OptimizedModelPropertiesProvider [OptimizedModelPropertiesProvider.java : 315] Adding property code to model
2020-11-04 11:13:49,152 DEBUG [main] s.d.s.p.bean.BeanModelProperty [BeanModelProperty.java : 70] Evaluating unwrapped getter for member getCode
2020-11-04 11:13:49,152 DEBUG [main] s.d.s.p.bean.BeanModelProperty [BeanModelProperty.java : 70] Evaluating unwrapped getter for member getCode
2020-11-04 11:13:49,153 DEBUG [main] s.d.s.p.bean.BeanModelProperty [BeanModelProperty.java : 70] Evaluating unwrapped getter for member getCode
2020-11-04 11:13:49,153 DEBUG [main] s.d.s.p.bean.BeanModelProperty [BeanModelProperty.java : 70] Evaluating unwrapped getter for member getCode
2020-11-04 11:13:49,154 DEBUG [main] s.d.s.p.OptimizedModelPropertiesProvider [OptimizedModelPropertiesProvider.java : 127] Reading property message
2020-11-04 11:13:49,155 DEBUG [main] s.d.s.p.bean.BeanModelProperty [BeanModelProperty.java : 70] Evaluating unwrapped getter for member getMessage
2020-11-04 11:13:49,155 DEBUG [main] s.d.s.p.ObjectMapperBeanPropertyNamingStrategy [ObjectMapperBeanPropertyNamingStrategy.java : 57] Name 'message' renamed to 'message'
2020-11-04 11:13:49,157 DEBUG [main] s.d.s.p.OptimizedModelPropertiesProvider [OptimizedModelPropertiesProvider.java : 315] Adding property message to model
2020-11-04 11:13:49,158 DEBUG [main] s.d.s.p.bean.BeanModelProperty [BeanModelProperty.java : 70] Evaluating unwrapped getter for member getMessage
2020-11-04 11:13:49,159 DEBUG [main] s.d.s.p.bean.BeanModelProperty [BeanModelProperty.java : 70] Evaluating unwrapped getter for member getMessage
2020-11-04 11:13:49,159 DEBUG [main] s.d.s.p.bean.BeanModelProperty [BeanModelProperty.java : 70] Evaluating unwrapped getter for member getMessage
2020-11-04 11:13:49,159 DEBUG [main] s.d.s.p.bean.BeanModelProperty [BeanModelProperty.java : 70] Evaluating unwrapped getter for member getMessage
2020-11-04 11:13:49,161 DEBUG [main] s.d.schema.DefaultModelProvider [DefaultModelProvider.java : 101] Inferred 2 properties. Properties found code, message
2020-11-04 11:13:49,162 DEBUG [main] s.d.s.web.scanners.ApiModelReader [ApiModelReader.java : 89] Adding a new model with key ResultCode
2020-11-04 11:13:49,170 DEBUG [main] s.d.s.w.r.p.ModelAttributeParameterExpander [ModelAttributeParameterExpander.java : 104] Expanding parameter type: com.lkl.entity.User
2020-11-04 11:13:49,180 DEBUG [main] s.d.s.w.r.p.ModelAttributeParameterExpander [ModelAttributeParameterExpander.java : 118] Attempting to expand expandable property: roles
2020-11-04 11:13:49,191 DEBUG [main] s.d.s.w.r.p.ModelAttributeParameterExpander [ModelAttributeParameterExpander.java : 104] Expanding parameter type: java.util.Set<com.lkl.entity.Role>
2020-11-04 11:13:49,194 DEBUG [main] s.d.s.w.r.p.ModelAttributeParameterExpander [ModelAttributeParameterExpander.java : 130] Attempting to expand collection/array field: roles
2020-11-04 11:13:49,196 DEBUG [main] s.d.s.w.r.p.ModelAttributeParameterExpander [ModelAttributeParameterExpander.java : 104] Expanding parameter type: com.lkl.entity.Role
2020-11-04 11:13:49,197 DEBUG [main] s.d.s.w.r.p.ModelAttributeParameterExpander [ModelAttributeParameterExpander.java : 118] Attempting to expand expandable property: permissions
2020-11-04 11:13:49,198 DEBUG [main] s.d.s.w.r.p.ModelAttributeParameterExpander [ModelAttributeParameterExpander.java : 104] Expanding parameter type: java.util.Set<com.lkl.entity.Permission>
2020-11-04 11:13:49,199 DEBUG [main] s.d.s.w.r.p.ModelAttributeParameterExpander [ModelAttributeParameterExpander.java : 130] Attempting to expand collection/array field: permissions
2020-11-04 11:13:49,202 DEBUG [main] s.d.s.w.r.p.ModelAttributeParameterExpander [ModelAttributeParameterExpander.java : 104] Expanding parameter type: com.lkl.entity.Permission
2020-11-04 11:13:49,202 DEBUG [main] s.d.s.w.r.p.ModelAttributeParameterExpander [ModelAttributeParameterExpander.java : 229] Attempting to expand field: springfox.documentation.spring.web.readers.parameter.ModelAttributeField@30b3d899
2020-11-04 11:13:49,203 DEBUG [main] s.d.s.w.r.p.ModelAttributeParameterExpander [ModelAttributeParameterExpander.java : 232] Building parameter for field: springfox.documentation.spring.web.readers.parameter.ModelAttributeField@30b3d899, with type: 
2020-11-04 11:13:49,206 DEBUG [main] s.d.s.w.r.p.ModelAttributeParameterExpander [ModelAttributeParameterExpander.java : 229] Attempting to expand field: springfox.documentation.spring.web.readers.parameter.ModelAttributeField@78d92eef
2020-11-04 11:13:49,207 DEBUG [main] s.d.s.w.r.p.ModelAttributeParameterExpander [ModelAttributeParameterExpander.java : 232] Building parameter for field: springfox.documentation.spring.web.readers.parameter.ModelAttributeField@78d92eef, with type: 
2020-11-04 11:13:49,207 DEBUG [main] s.d.s.w.r.p.ModelAttributeParameterExpander [ModelAttributeParameterExpander.java : 229] Attempting to expand field: springfox.documentation.spring.web.readers.parameter.ModelAttributeField@61d60e38
2020-11-04 11:13:49,208 DEBUG [main] s.d.s.w.r.p.ModelAttributeParameterExpander [ModelAttributeParameterExpander.java : 232] Building parameter for field: springfox.documentation.spring.web.readers.parameter.ModelAttributeField@61d60e38, with type: 
2020-11-04 11:13:49,208 DEBUG [main] s.d.s.w.r.p.ModelAttributeParameterExpander [ModelAttributeParameterExpander.java : 229] Attempting to expand field: springfox.documentation.spring.web.readers.parameter.ModelAttributeField@559991f5
2020-11-04 11:13:49,208 DEBUG [main] s.d.s.w.r.p.ModelAttributeParameterExpander [ModelAttributeParameterExpander.java : 232] Building parameter for field: springfox.documentation.spring.web.readers.parameter.ModelAttributeField@559991f5, with type: 
2020-11-04 11:13:49,209 DEBUG [main] s.d.s.w.r.p.ModelAttributeParameterExpander [ModelAttributeParameterExpander.java : 229] Attempting to expand field: springfox.documentation.spring.web.readers.parameter.ModelAttributeField@34c76167
2020-11-04 11:13:49,210 DEBUG [main] s.d.s.w.r.p.ModelAttributeParameterExpander [ModelAttributeParameterExpander.java : 232] Building parameter for field: springfox.documentation.spring.web.readers.parameter.ModelAttributeField@34c76167, with type: 
2020-11-04 11:13:49,211 DEBUG [main] s.d.s.w.r.p.ModelAttributeParameterExpander [ModelAttributeParameterExpander.java : 229] Attempting to expand field: springfox.documentation.spring.web.readers.parameter.ModelAttributeField@37e7c4cc
2020-11-04 11:13:49,211 DEBUG [main] s.d.s.w.r.p.ModelAttributeParameterExpander [ModelAttributeParameterExpander.java : 232] Building parameter for field: springfox.documentation.spring.web.readers.parameter.ModelAttributeField@37e7c4cc, with type: 
2020-11-04 11:13:49,212 DEBUG [main] s.d.s.w.r.p.ModelAttributeParameterExpander [ModelAttributeParameterExpander.java : 229] Attempting to expand field: springfox.documentation.spring.web.readers.parameter.ModelAttributeField@3a40bb52
2020-11-04 11:13:49,212 DEBUG [main] s.d.s.w.r.p.ModelAttributeParameterExpander [ModelAttributeParameterExpander.java : 232] Building parameter for field: springfox.documentation.spring.web.readers.parameter.ModelAttributeField@3a40bb52, with type: 
2020-11-04 11:13:49,212 DEBUG [main] s.d.s.w.r.p.ModelAttributeParameterExpander [ModelAttributeParameterExpander.java : 229] Attempting to expand field: springfox.documentation.spring.web.readers.parameter.ModelAttributeField@1e2445f6
2020-11-04 11:13:49,213 DEBUG [main] s.d.s.w.r.p.ModelAttributeParameterExpander [ModelAttributeParameterExpander.java : 232] Building parameter for field: springfox.documentation.spring.web.readers.parameter.ModelAttributeField@1e2445f6, with type: 
2020-11-04 11:13:49,214 DEBUG [main] s.d.s.w.r.o.OperationResponseClassReader [OperationResponseClassReader.java : 59] Setting spring response class to: Result
2020-11-04 11:13:49,215 DEBUG [main] s.d.s.r.o.VendorExtensionsReader [VendorExtensionsReader.java : 59] Extension count 1 for method loginUser
2020-11-04 11:13:49,215 DEBUG [main] s.d.s.r.o.SwaggerOperationResponseClassReader [SwaggerOperationResponseClassReader.java : 74] Setting response class to:Result
2020-11-04 11:13:49,216 DEBUG [main] s.d.s.r.o.OperationAuthReader [OperationAuthReader.java : 103] Authorization count 0 for method loginUser
2020-11-04 11:13:49,220 DEBUG [main] s.d.s.w.r.p.ModelAttributeParameterExpander [ModelAttributeParameterExpander.java : 104] Expanding parameter type: com.lkl.entity.User
2020-11-04 11:13:49,220 DEBUG [main] s.d.s.w.r.p.ModelAttributeParameterExpander [ModelAttributeParameterExpander.java : 118] Attempting to expand expandable property: roles
2020-11-04 11:13:49,222 DEBUG [main] s.d.s.w.r.p.ModelAttributeParameterExpander [ModelAttributeParameterExpander.java : 104] Expanding parameter type: java.util.Set<com.lkl.entity.Role>
2020-11-04 11:13:49,223 DEBUG [main] s.d.s.w.r.p.ModelAttributeParameterExpander [ModelAttributeParameterExpander.java : 130] Attempting to expand collection/array field: roles
2020-11-04 11:13:49,224 DEBUG [main] s.d.s.w.r.p.ModelAttributeParameterExpander [ModelAttributeParameterExpander.java : 104] Expanding parameter type: com.lkl.entity.Role
2020-11-04 11:13:49,224 DEBUG [main] s.d.s.w.r.p.ModelAttributeParameterExpander [ModelAttributeParameterExpander.java : 118] Attempting to expand expandable property: permissions
2020-11-04 11:13:49,225 DEBUG [main] s.d.s.w.r.p.ModelAttributeParameterExpander [ModelAttributeParameterExpander.java : 104] Expanding parameter type: java.util.Set<com.lkl.entity.Permission>
2020-11-04 11:13:49,225 DEBUG [main] s.d.s.w.r.p.ModelAttributeParameterExpander [ModelAttributeParameterExpander.java : 130] Attempting to expand collection/array field: permissions
2020-11-04 11:13:49,226 DEBUG [main] s.d.s.w.r.p.ModelAttributeParameterExpander [ModelAttributeParameterExpander.java : 104] Expanding parameter type: com.lkl.entity.Permission
2020-11-04 11:13:49,226 DEBUG [main] s.d.s.w.r.p.ModelAttributeParameterExpander [ModelAttributeParameterExpander.java : 229] Attempting to expand field: springfox.documentation.spring.web.readers.parameter.ModelAttributeField@39133244
2020-11-04 11:13:49,231 DEBUG [main] s.d.s.w.r.p.ModelAttributeParameterExpander [ModelAttributeParameterExpander.java : 232] Building parameter for field: springfox.documentation.spring.web.readers.parameter.ModelAttributeField@39133244, with type: 
2020-11-04 11:13:49,233 DEBUG [main] s.d.s.w.r.p.ModelAttributeParameterExpander [ModelAttributeParameterExpander.java : 229] Attempting to expand field: springfox.documentation.spring.web.readers.parameter.ModelAttributeField@ceb7701
2020-11-04 11:13:49,234 DEBUG [main] s.d.s.w.r.p.ModelAttributeParameterExpander [ModelAttributeParameterExpander.java : 232] Building parameter for field: springfox.documentation.spring.web.readers.parameter.ModelAttributeField@ceb7701, with type: 
2020-11-04 11:13:49,236 DEBUG [main] s.d.s.w.r.p.ModelAttributeParameterExpander [ModelAttributeParameterExpander.java : 229] Attempting to expand field: springfox.documentation.spring.web.readers.parameter.ModelAttributeField@5e193ef5
2020-11-04 11:13:49,238 DEBUG [main] s.d.s.w.r.p.ModelAttributeParameterExpander [ModelAttributeParameterExpander.java : 232] Building parameter for field: springfox.documentation.spring.web.readers.parameter.ModelAttributeField@5e193ef5, with type: 
2020-11-04 11:13:49,243 DEBUG [main] s.d.s.w.r.p.ModelAttributeParameterExpander [ModelAttributeParameterExpander.java : 229] Attempting to expand field: springfox.documentation.spring.web.readers.parameter.ModelAttributeField@55a0f011
2020-11-04 11:13:49,244 DEBUG [main] s.d.s.w.r.p.ModelAttributeParameterExpander [ModelAttributeParameterExpander.java : 232] Building parameter for field: springfox.documentation.spring.web.readers.parameter.ModelAttributeField@55a0f011, with type: 
2020-11-04 11:13:49,245 DEBUG [main] s.d.s.w.r.p.ModelAttributeParameterExpander [ModelAttributeParameterExpander.java : 229] Attempting to expand field: springfox.documentation.spring.web.readers.parameter.ModelAttributeField@7ea42c82
2020-11-04 11:13:49,245 DEBUG [main] s.d.s.w.r.p.ModelAttributeParameterExpander [ModelAttributeParameterExpander.java : 232] Building parameter for field: springfox.documentation.spring.web.readers.parameter.ModelAttributeField@7ea42c82, with type: 
2020-11-04 11:13:49,247 DEBUG [main] s.d.s.w.r.p.ModelAttributeParameterExpander [ModelAttributeParameterExpander.java : 229] Attempting to expand field: springfox.documentation.spring.web.readers.parameter.ModelAttributeField@454bcbbf
2020-11-04 11:13:49,247 DEBUG [main] s.d.s.w.r.p.ModelAttributeParameterExpander [ModelAttributeParameterExpander.java : 232] Building parameter for field: springfox.documentation.spring.web.readers.parameter.ModelAttributeField@454bcbbf, with type: 
2020-11-04 11:13:49,248 DEBUG [main] s.d.s.w.r.p.ModelAttributeParameterExpander [ModelAttributeParameterExpander.java : 229] Attempting to expand field: springfox.documentation.spring.web.readers.parameter.ModelAttributeField@2c9fdb64
2020-11-04 11:13:49,250 DEBUG [main] s.d.s.w.r.p.ModelAttributeParameterExpander [ModelAttributeParameterExpander.java : 232] Building parameter for field: springfox.documentation.spring.web.readers.parameter.ModelAttributeField@2c9fdb64, with type: 
2020-11-04 11:13:49,251 DEBUG [main] s.d.s.w.r.p.ModelAttributeParameterExpander [ModelAttributeParameterExpander.java : 229] Attempting to expand field: springfox.documentation.spring.web.readers.parameter.ModelAttributeField@1c3b6963
2020-11-04 11:13:49,252 DEBUG [main] s.d.s.w.r.p.ModelAttributeParameterExpander [ModelAttributeParameterExpander.java : 232] Building parameter for field: springfox.documentation.spring.web.readers.parameter.ModelAttributeField@1c3b6963, with type: 
2020-11-04 11:13:49,253 DEBUG [main] s.d.s.w.r.o.OperationResponseClassReader [OperationResponseClassReader.java : 59] Setting spring response class to: Result
2020-11-04 11:13:49,255 DEBUG [main] s.d.s.r.o.VendorExtensionsReader [VendorExtensionsReader.java : 59] Extension count 1 for method loginUser
2020-11-04 11:13:49,256 DEBUG [main] s.d.s.r.o.SwaggerOperationResponseClassReader [SwaggerOperationResponseClassReader.java : 74] Setting response class to:Result
2020-11-04 11:13:49,257 DEBUG [main] s.d.s.r.o.OperationAuthReader [OperationAuthReader.java : 103] Authorization count 0 for method loginUser
2020-11-04 11:13:49,261 DEBUG [main] s.d.s.w.r.o.OperationModelsProvider [OperationModelsProvider.java : 76] Adding return parameter of type V
2020-11-04 11:13:49,261 DEBUG [main] s.d.s.w.r.o.OperationModelsProvider [OperationModelsProvider.java : 83] Reading parameters models for handlerMethod |logout|
2020-11-04 11:13:49,262 DEBUG [main] s.d.s.w.r.o.OperationModelsProvider [OperationModelsProvider.java : 94] Finished reading parameters models for handlerMethod |logout|
2020-11-04 11:13:49,262 DEBUG [main] s.d.s.r.o.SwaggerOperationModelsProvider [SwaggerOperationModelsProvider.java : 84] Reading parameters models for handlerMethod |logout|
2020-11-04 11:13:49,262 DEBUG [main] s.d.schema.DefaultModelProvider [DefaultModelProvider.java : 86] Skipping model of type V as its either a container type, map, enum or base type, or its already been handled
2020-11-04 11:13:49,263 DEBUG [main] s.d.s.web.scanners.ApiModelReader [ApiModelReader.java : 76] Did not find any parameter models for void
2020-11-04 11:13:49,265 DEBUG [main] s.d.s.w.r.o.OperationResponseClassReader [OperationResponseClassReader.java : 59] Setting spring response class to: null
2020-11-04 11:13:49,266 DEBUG [main] s.d.s.r.o.VendorExtensionsReader [VendorExtensionsReader.java : 59] Extension count 1 for method logout
2020-11-04 11:13:49,267 DEBUG [main] s.d.s.r.o.OperationAuthReader [OperationAuthReader.java : 103] Authorization count 0 for method logout
2020-11-04 11:13:49,269 DEBUG [main] s.d.s.w.r.o.OperationResponseClassReader [OperationResponseClassReader.java : 59] Setting spring response class to: null
2020-11-04 11:13:49,269 DEBUG [main] s.d.s.r.o.VendorExtensionsReader [VendorExtensionsReader.java : 59] Extension count 1 for method logout
2020-11-04 11:13:49,270 DEBUG [main] s.d.s.r.o.OperationAuthReader [OperationAuthReader.java : 103] Authorization count 0 for method logout
2020-11-04 11:13:49,316 INFO [main] com.lkl.LklsystemApplicationTests [StartupInfoLogger.java : 61] Started LklsystemApplicationTests in 15.665 seconds (JVM running for 22.653)
